TN:
SF:/Users/ens/pwd/uxcore/uxcore-date-cell-field/src/index.js
FN:12,_interopRequireDefault
FNF:1
FNH:1
FNDA:1,_interopRequireDefault
DA:3,1
DA:6,1
DA:8,1
DA:10,1
DA:12,1
DA:14,1
DA:22,1
LF:7
LH:7
BRDA:12,1,0,0
BRDA:12,1,1,1
BRDA:12,2,0,1
BRDA:12,2,1,1
BRF:4
BRH:3
end_of_record
TN:
SF:/Users/ens/pwd/uxcore/uxcore-date-cell-field/src/DateCellField.jsx
FN:7,(anonymous_1)
FN:25,_interopRequireDefault
FN:27,_defaults
FN:29,_classCallCheck
FN:31,_possibleConstructorReturn
FN:33,_inherits
FN:41,(anonymous_7)
FN:44,DateCellField
FN:51,addSpecificClass
FN:56,renderContent
FN:62,onSelect
FN:71,(anonymous_12)
FNF:12
FNH:11
FNDA:1,(anonymous_1)
FNDA:4,_interopRequireDefault
FNDA:1,_defaults
FNDA:2,_classCallCheck
FNDA:2,_possibleConstructorReturn
FNDA:1,_inherits
FNDA:1,(anonymous_7)
FNDA:2,DateCellField
FNDA:2,addSpecificClass
FNDA:2,renderContent
FNDA:0,onSelect
FNDA:2,(anonymous_12)
DA:3,1
DA:7,1
DA:9,1
DA:11,1
DA:13,1
DA:15,1
DA:17,1
DA:19,1
DA:21,1
DA:23,1
DA:25,4
DA:27,8
DA:29,2
DA:31,2
DA:33,1
DA:41,1
DA:42,1
DA:44,1
DA:45,2
DA:47,2
DA:51,1
DA:52,2
DA:56,1
DA:57,2
DA:58,2
DA:59,2
DA:60,2
DA:63,0
DA:69,2
DA:70,1
DA:71,1
DA:72,2
DA:74,1
DA:76,2
DA:79,1
DA:82,1
DA:83,1
DA:85,1
DA:86,1
LF:39
LH:38
BRDA:7,1,0,1
BRDA:7,1,1,1
BRDA:7,2,0,1
BRDA:7,2,1,0
BRDA:25,3,0,0
BRDA:25,3,1,4
BRDA:25,4,0,4
BRDA:25,4,1,4
BRDA:27,5,0,3
BRDA:27,5,1,5
BRDA:27,6,0,8
BRDA:27,6,1,8
BRDA:27,6,2,3
BRDA:29,7,0,0
BRDA:29,7,1,2
BRDA:31,8,0,0
BRDA:31,8,1,2
BRDA:31,9,0,2
BRDA:31,9,1,0
BRDA:31,10,0,2
BRDA:31,10,1,2
BRDA:31,10,2,0
BRDA:33,11,0,0
BRDA:33,11,1,1
BRDA:33,12,0,1
BRDA:33,12,1,0
BRDA:33,13,0,1
BRDA:33,13,1,1
BRDA:33,14,0,1
BRDA:33,14,1,0
BRDA:33,15,0,0
BRDA:33,15,1,1
BRDA:65,16,0,0
BRDA:65,16,1,0
BRDA:69,17,0,1
BRDA:69,17,1,1
BRF:36
BRH:24
end_of_record
